{"message":"Unauthorized attempt using key: chick-fil-a-2","level":"error"}
{"message":"Unauthorized attempt using key: adbcd","level":"error"}
{"message":"Unauthorized attempt using key: adbcd","level":"error"}
{"message":"Unauthorized attempt using key: abcd","level":"error"}
{"message":"Unauthorized attempt using key: null","level":"error"}
{"message":"Unauthorized attempt using key: null","level":"error"}
{"message":"Unauthorized attempt using key: null","level":"error"}
{"message":"Unauthorized attempt using key: null","level":"error"}
{"message":"Unauthorized attempt using key: null","level":"error"}
{"message":"Unauthorized attempt using key: null","level":"error"}
{"message":"Unauthorized attempt using key: null","level":"error"}
{"message":"Unauthorized attempt using key: null","level":"error"}
{"message":"Unauthorized attempt using key: null","level":"error"}
{"message":"Unauthorized attempt using key: null","level":"error"}
{"message":"Unauthorized attempt using key: null","level":"error"}
{"message":"Unauthorized attempt using key: null","level":"error"}
{"message":"Unauthorized attempt using key: null","level":"error"}
{"message":"Unauthorized attempt using key: null","level":"error"}
{"message":"Unauthorized attempt using key: null","level":"error"}
{"message":"Unauthorized attempt using key: null","level":"error"}
{"message":"Unauthorized attempt using key: null","level":"error"}
{"message":"Unauthorized attempt using key: null","level":"error"}
{"message":"Unauthorized attempt using key: null","level":"error"}
{"message":"Unauthorized attempt using key: null","level":"error"}
{"message":"Unauthorized attempt using key: null","level":"error"}
{"message":"Unauthorized attempt using key: null","level":"error"}
{"message":"Unauthorized attempt using key: null","level":"error"}
{"message":"Unauthorized attempt using key: null","level":"error"}
{"message":"Unauthorized attempt using key: null","level":"error"}
{"message":"Unauthorized attempt using key: null","level":"error"}
{"message":"Unauthorized attempt using key: null","level":"error"}
{"message":"Unauthorized attempt using key: abcdek","level":"error"}
{"message":"Unauthorized attempt using key: null","level":"error"}
{"message":"Unauthorized attempt using key: null","level":"error"}
{"message":"Unauthorized attempt using key: null","level":"error"}
{"message":"Unauthorized attempt using key: null","level":"error"}
{"message":"Unauthorized attempt using key: null","level":"error"}
{"message":"Unauthorized attempt using key: null","level":"error"}
{"message":"Unauthorized attempt using key: null","level":"error"}
{"message":"Unauthorized attempt using key: null","level":"error"}
{"message":"Unauthorized attempt using key: null","level":"error"}
{"message":"Unauthorized attempt using key: null","level":"error"}
{"message":"Unauthorized attempt using key: null","level":"error"}
{"message":"Unauthorized attempt using key: null","level":"error"}
{"message":"Unauthorized attempt using key: null","level":"error"}
{"message":"Unauthorized attempt using key: null","level":"error"}
{"message":"Unauthorized attempt using key: null","level":"error"}
{"message":"Unauthorized attempt using key: null","level":"error"}
{"message":"Unauthorized attempt using key: null","level":"error"}
{"message":"Unauthorized attempt using key: null","level":"error"}
{"message":"Unauthorized attempt using key: null","level":"error"}
{"message":"Unauthorized attempt using key: null","level":"error"}
{"message":"Unauthorized attempt using key: null","level":"error"}
{"message":"Unauthorized attempt using key: null","level":"error"}
{"message":"Unauthorized attempt using key: null","level":"error"}
{"message":"Unauthorized attempt using key: null","level":"error"}
{"message":"Unauthorized attempt using key: null","level":"error"}
{"message":"Unauthorized attempt using key: null","level":"error"}
{"message":"Unauthorized attempt using key: null","level":"error"}
{"message":"Unauthorized attempt using key: null","level":"error"}
{"message":"Unauthorized attempt using key: null","level":"error"}
